<?xml version="1.0" encoding="UTF-8"?>
<robot generator="Robot 5.0.1 (Python 3.10.8 on win32)" generated="20230322 09:41:19.931" rpa="false" schemaversion="3">
<suite id="s1" name="Test" source="C:\Users\ASUSa43s\Documents\GitHub\Software-Testing-and-Quality-Assurance\Automated Demo\test.robot">
<test id="s1-t1" name="test assignment" line="15">
<kw name="Open pantip and get all comment">
<kw name="Open Browser" library="RPA.Browser.Playwright">
<arg>https://pantip.com/topic/41780470</arg>
<arg>chromium</arg>
<tag>BrowserControl</tag>
<tag>Setter</tag>
<doc>Opens a new browser instance. Use this keyword for quick experiments or debugging sessions.</doc>
<msg timestamp="20230322 09:41:25.791" level="WARN">Open Browser is for quick experimentation and debugging only. Use New Page for production.</msg>
<msg timestamp="20230322 09:41:25.792" level="INFO">{"browser": "chromium", "headless": false, "devtools": false, "handleSIGHUP": true, "handleSIGINT": true, "handleSIGTERM": true, "slowMo": 0.0, "timeout": 30000.0, "deprecated_pos_args": [], "tracesDir": "C:\\Users\\ASUSa43s\\Documents\\GitHub\\Software-Testing-and-Quality-Assurance\\Automated Demo\\browser\\traces\\8d795745-941d-43da-a264-9cb1b6087eba"}</msg>
<msg timestamp="20230322 09:41:27.811" level="INFO">Successfully created browser with options: {"browser":"chromium","headless":false,"devtools":false,"handleSIGHUP":true,"handleSIGINT":true,"handleSIGTERM":true,"slowMo":0,"timeout":30000,"deprecated_pos_args":[],"tracesDir":"C:\\Users\\ASUSa43s\\Documents\\GitHub\\Software-Testing-and-Quality-Assurance\\Automated Demo\\browser\\traces\\8d795745-941d-43da-a264-9cb1b6087eba"}</msg>
<msg timestamp="20230322 09:41:27.812" level="INFO">{
  "acceptDownloads": true,
  "bypassCSP": true,
  "forcedColors": "none",
  "hideRfBrowser": false,
  "ignoreHTTPSErrors": false,
  "javaScriptEnabled": true,
  "offline": false,
  "reducedMotion": "no-preference",
  "viewport": {
    "height": 720,
    "width": 1280
  },
  "deprecated_pos_args": []
}</msg>
<msg timestamp="20230322 09:41:27.868" level="INFO">Successfully created context. </msg>
<msg timestamp="20230322 09:41:27.868" level="INFO">{'acceptDownloads': True, 'bypassCSP': True, 'forcedColors': 'none', 'hideRfBrowser': False, 'ignoreHTTPSErrors': False, 'javaScriptEnabled': True, 'offline': False, 'reducedMotion': 'no-preference', 'viewport': {'height': 720, 'width': 1280}, 'deprecated_pos_args': []}</msg>
<msg timestamp="20230322 09:41:34.967" level="INFO">Successfully initialized new page object and opened url: https://pantip.com/topic/41780470</msg>
<status status="PASS" starttime="20230322 09:41:25.790" endtime="20230322 09:41:34.968"/>
</kw>
<kw name="Get Text" library="RPA.Browser.Playwright">
<var>${comments}</var>
<arg>(//div[@id="comment=counter"])[2]</arg>
<tag>Assertion</tag>
<tag>Getter</tag>
<tag>PageContent</tag>
<doc>Returns text attribute of the element found by ``selector``.</doc>
<msg timestamp="20230322 09:41:55.004" level="WARN">Keyword 'Take Screenshot  fail-screenshot-{index}' could not be run on failure:
TimeoutError: page.screenshot: Timeout 10000ms exceeded.
=========================== logs ===========================
taking page screenshot
============================================================</msg>
<msg timestamp="20230322 09:41:59.232" level="FAIL">TimeoutError: locator.elementHandle: Timeout 10000ms exceeded.
=========================== logs ===========================
waiting for locator('xpath=(//div[@id="comment=counter"])[2]')
============================================================
Tip: Use "Set Browser Timeout" for increasing the timeout or double check your locator as the targeted element(s) couldn't be found.</msg>
<status status="FAIL" starttime="20230322 09:41:34.968" endtime="20230322 09:41:59.332"/>
</kw>
<for flavor="IN">
<var>${counter}</var>
<value>RANGE</value>
<value>1</value>
<value>$[comments.split()[0]]+1</value>
<iter>
<var name="${counter}"/>
<kw name="Get Text" library="RPA.Browser.Playwright">
<var>${comment}</var>
<arg>//span[@id="comment${counter}"]</arg>
<tag>Assertion</tag>
<tag>Getter</tag>
<tag>PageContent</tag>
<doc>Returns text attribute of the element found by ``selector``.</doc>
<status status="NOT RUN" starttime="20230322 09:41:59.333" endtime="20230322 09:41:59.333"/>
</kw>
<kw name="Log To Console" library="BuiltIn">
<arg>${comment}</arg>
<doc>Logs the given message to the console.</doc>
<status status="NOT RUN" starttime="20230322 09:41:59.334" endtime="20230322 09:41:59.334"/>
</kw>
<status status="NOT RUN" starttime="20230322 09:41:59.333" endtime="20230322 09:41:59.334"/>
</iter>
<status status="NOT RUN" starttime="20230322 09:41:59.333" endtime="20230322 09:41:59.334"/>
</for>
<status status="FAIL" starttime="20230322 09:41:25.789" endtime="20230322 09:41:59.335"/>
</kw>
<status status="FAIL" starttime="20230322 09:41:25.785" endtime="20230322 09:41:59.336">TimeoutError: locator.elementHandle: Timeout 10000ms exceeded.
=========================== logs ===========================
waiting for locator('xpath=(//div[@id="comment=counter"])[2]')
============================================================
Tip: Use "Set Browser Timeout" for increasing the timeout or double check your locator as the targeted element(s) couldn't be found.</status>
</test>
<status status="FAIL" starttime="20230322 09:41:19.933" endtime="20230322 09:41:59.721"/>
</suite>
<statistics>
<total>
<stat pass="0" fail="1" skip="0">All Tests</stat>
</total>
<tag>
</tag>
<suite>
<stat pass="0" fail="1" skip="0" id="s1" name="Test">Test</stat>
</suite>
</statistics>
<errors>
<msg timestamp="20230322 09:41:25.791" level="WARN">Open Browser is for quick experimentation and debugging only. Use New Page for production.</msg>
<msg timestamp="20230322 09:41:55.004" level="WARN">Keyword 'Take Screenshot  fail-screenshot-{index}' could not be run on failure:
TimeoutError: page.screenshot: Timeout 10000ms exceeded.
=========================== logs ===========================
taking page screenshot
============================================================</msg>
</errors>
</robot>
